-------------------------------------------------------------------------------
Test set: com.examly.springapp.SpringappApplicationTests
-------------------------------------------------------------------------------
Tests run: 10, Failures: 10, Errors: 0, Skipped: 0, Time elapsed: 3.404 s <<< FAILURE! - in com.examly.springapp.SpringappApplicationTests
testGetCoursesById  Time elapsed: 0.215 s  <<< FAILURE!
java.lang.AssertionError: Status expected:<200> but was:<401>
	at com.examly.springapp.SpringappApplicationTests.testGetCoursesById(SpringappApplicationTests.java:44)

testGetInstituteAll  Time elapsed: 0.004 s  <<< FAILURE!
java.lang.AssertionError: Status expected:<200> but was:<401>
	at com.examly.springapp.SpringappApplicationTests.testGetInstituteAll(SpringappApplicationTests.java:100)

testGetCoursesAll  Time elapsed: 0.005 s  <<< FAILURE!
java.lang.AssertionError: Status expected:<200> but was:<401>
	at com.examly.springapp.SpringappApplicationTests.testGetCoursesAll(SpringappApplicationTests.java:32)

testGetInstituteById  Time elapsed: 0.004 s  <<< FAILURE!
java.lang.AssertionError: Status expected:<200> but was:<401>
	at com.examly.springapp.SpringappApplicationTests.testGetInstituteById(SpringappApplicationTests.java:79)

testGetStudentById  Time elapsed: 0.004 s  <<< FAILURE!
java.lang.AssertionError: Status expected:<200> but was:<401>
	at com.examly.springapp.SpringappApplicationTests.testGetStudentById(SpringappApplicationTests.java:67)

testGetStudentAll  Time elapsed: 0.004 s  <<< FAILURE!
java.lang.AssertionError: Status expected:<200> but was:<401>
	at com.examly.springapp.SpringappApplicationTests.testGetStudentAll(SpringappApplicationTests.java:55)

testGetAdmissionById  Time elapsed: 0.004 s  <<< FAILURE!
java.lang.AssertionError: Status expected:<200> but was:<401>
	at com.examly.springapp.SpringappApplicationTests.testGetAdmissionById(SpringappApplicationTests.java:113)

testGetAdmissionAll  Time elapsed: 0.004 s  <<< FAILURE!
java.lang.AssertionError: Status expected:<200> but was:<401>
	at com.examly.springapp.SpringappApplicationTests.testGetAdmissionAll(SpringappApplicationTests.java:90)

test_case1  Time elapsed: 0.002 s  <<< FAILURE!
java.lang.AssertionError
	at com.examly.springapp.SpringappApplicationTests.test_case1(SpringappApplicationTests.java:124)

test_case2  Time elapsed: 0.002 s  <<< FAILURE!
java.lang.AssertionError
	at com.examly.springapp.SpringappApplicationTests.test_case2(SpringappApplicationTests.java:132)

